\BOOKMARK [1][-]{section.1}{Introduction}{}% 1
\BOOKMARK [1][-]{section.2}{Historical and Geographical Features}{}% 2
\BOOKMARK [2][-]{subsection.2.1}{History Summary}{section.2}% 3
\BOOKMARK [3][-]{subsubsection.2.1.1}{Balfour Declaration Era}{subsection.2.1}% 4
\BOOKMARK [3][-]{subsubsection.2.1.2}{Zionism Movement}{subsection.2.1}% 5
\BOOKMARK [3][-]{subsubsection.2.1.3}{Independence}{subsection.2.1}% 6
\BOOKMARK [3][-]{subsubsection.2.1.4}{1948 Arab-Israeli War}{subsection.2.1}% 7
\BOOKMARK [3][-]{subsubsection.2.1.5}{Arab-Israeli Conflict}{subsection.2.1}% 8
\BOOKMARK [3][-]{subsubsection.2.1.6}{Modern Israel}{subsection.2.1}% 9
\BOOKMARK [2][-]{subsection.2.2}{Key Historical Data}{section.2}% 10
\BOOKMARK [3][-]{subsubsection.2.2.1}{Timeline}{subsection.2.2}% 11
\BOOKMARK [2][-]{subsection.2.3}{Geographical Summary}{section.2}% 12
\BOOKMARK [3][-]{subsubsection.2.3.1}{Coastal Plain Region}{subsection.2.3}% 13
\BOOKMARK [3][-]{subsubsection.2.3.2}{Central hillls region}{subsection.2.3}% 14
\BOOKMARK [3][-]{subsubsection.2.3.3}{Jordan Rift Valley Region}{subsection.2.3}% 15
\BOOKMARK [3][-]{subsubsection.2.3.4}{Negev Region}{subsection.2.3}% 16
\BOOKMARK [2][-]{subsection.2.4}{Climate}{section.2}% 17
\BOOKMARK [2][-]{subsection.2.5}{Miscellaneous}{section.2}% 18
\BOOKMARK [1][-]{section.3}{Economic and Political Environment}{}% 19
\BOOKMARK [2][-]{subsection.3.1}{Economic Summary}{section.3}% 20
\BOOKMARK [3][-]{subsubsection.3.1.1}{Technology}{subsection.3.1}% 21
\BOOKMARK [3][-]{subsubsection.3.1.2}{Mining and Manufacturing}{subsection.3.1}% 22
\BOOKMARK [3][-]{subsubsection.3.1.3}{Tourism}{subsection.3.1}% 23
\BOOKMARK [3][-]{subsubsection.3.1.4}{Transportation}{subsection.3.1}% 24
\BOOKMARK [3][-]{subsubsection.3.1.5}{Agriculture}{subsection.3.1}% 25
\BOOKMARK [3][-]{subsubsection.3.1.6}{Natural Resources}{subsection.3.1}% 26
\BOOKMARK [2][-]{subsection.3.2}{Key Economic Data}{section.3}% 27
\BOOKMARK [2][-]{subsection.3.3}{Political Summary}{section.3}% 28
\BOOKMARK [2][-]{subsection.3.4}{Contemporary Political and Economic Issues}{section.3}% 29
\BOOKMARK [1][-]{section.4}{Societal and Technological Landscape}{}% 30
\BOOKMARK [2][-]{subsection.4.1}{Society}{section.4}% 31
\BOOKMARK [2][-]{subsection.4.2}{Technology}{section.4}% 32
\BOOKMARK [1][-]{section.5}{Miscellaneous}{}% 33
\BOOKMARK [2][-]{subsection.5.1}{Water}{section.5}% 34
\BOOKMARK [2][-]{subsection.5.2}{Education and Science}{section.5}% 35
\BOOKMARK [2][-]{subsection.5.3}{Health}{section.5}% 36
\BOOKMARK [2][-]{subsection.5.4}{Social Welfare}{section.5}% 37
\BOOKMARK [2][-]{subsection.5.5}{Agriculture}{section.5}% 38
\BOOKMARK [2][-]{subsection.5.6}{Water Related Issues}{section.5}% 39
